[ 2017-11-16T19:48:07+08:00 ] ::1 /%E8%AF%BE%E7%A8%8B%E7%AE%A1%E7%90%86/index.php/Home/student
INFO: [ app_init ] --START--
INFO: Run Behavior\BuildLiteBehavior [ RunTime:0.000041s ]
INFO: [ app_init ] --END-- [ RunTime:0.046553s ]
INFO: [ app_begin ] --START--
INFO: Run Behavior\ReadHtmlCacheBehavior [ RunTime:0.075103s ]
INFO: [ app_begin ] --END-- [ RunTime:0.075239s ]

[ 2017-11-16T19:48:07+08:00 ] ::1 /%E8%AF%BE%E7%A8%8B%E7%AE%A1%E7%90%86/index.php/Home/index/index.html
INFO: [ app_init ] --START--
INFO: Run Behavior\BuildLiteBehavior [ RunTime:0.000026s ]
INFO: [ app_init ] --END-- [ RunTime:0.000920s ]
INFO: [ app_begin ] --START--
INFO: Run Behavior\ReadHtmlCacheBehavior [ RunTime:0.001200s ]
INFO: [ app_begin ] --END-- [ RunTime:0.001285s ]
INFO: [ view_parse ] --START--
INFO: [ template_filter ] --START--
INFO: Run Behavior\ContentReplaceBehavior [ RunTime:0.001078s ]
INFO: [ template_filter ] --END-- [ RunTime:0.001192s ]
INFO: Run Behavior\ParseTemplateBehavior [ RunTime:0.401433s ]
INFO: [ view_parse ] --END-- [ RunTime:0.401558s ]
INFO: [ view_filter ] --START--
INFO: Run Behavior\WriteHtmlCacheBehavior [ RunTime:0.043665s ]
INFO: [ view_filter ] --END-- [ RunTime:0.043764s ]
INFO: [ app_end ] --START--
INFO: Run Behavior\ShowPageTraceBehavior [ RunTime:0.031079s ]
INFO: [ app_end ] --END-- [ RunTime:0.031181s ]

