[ 2017-11-04T00:22:18+08:00 ] ::1 /Public/admin/css/vendor/bootstrap/css/bootstrap.min.css.map
INFO: [ app_init ] --START--
INFO: Run Behavior\BuildLiteBehavior [ RunTime:0.000010s ]
INFO: [ app_init ] --END-- [ RunTime:0.000305s ]
ERR: 无法加载模块:Public

[ 2017-11-04T00:23:21+08:00 ] ::1 /Public/admin/css/vendor/bootstrap/js/bootstrap.bundle.min.js.map
INFO: [ app_init ] --START--
INFO: Run Behavior\BuildLiteBehavior [ RunTime:0.000012s ]
INFO: [ app_init ] --END-- [ RunTime:0.000329s ]
ERR: 无法加载模块:Public

[ 2017-11-04T00:23:21+08:00 ] ::1 /Public/admin/css/vendor/bootstrap/css/bootstrap.min.css.map
INFO: [ app_init ] --START--
INFO: Run Behavior\BuildLiteBehavior [ RunTime:0.000009s ]
INFO: [ app_init ] --END-- [ RunTime:0.000318s ]
ERR: 无法加载模块:Public

[ 2017-11-04T00:23:27+08:00 ] ::1 /Public/admin/css/vendor/bootstrap/js/bootstrap.bundle.min.js.map
INFO: [ app_init ] --START--
INFO: Run Behavior\BuildLiteBehavior [ RunTime:0.000019s ]
INFO: [ app_init ] --END-- [ RunTime:0.000414s ]
ERR: 无法加载模块:Public

[ 2017-11-04T00:23:27+08:00 ] ::1 /Public/admin/css/vendor/bootstrap/css/bootstrap.min.css.map
INFO: [ app_init ] --START--
INFO: Run Behavior\BuildLiteBehavior [ RunTime:0.000008s ]
INFO: [ app_init ] --END-- [ RunTime:0.000285s ]
ERR: 无法加载模块:Public

[ 2017-11-04T00:24:09+08:00 ] ::1 /Public/admin/css/vendor/bootstrap/js/bootstrap.bundle.min.js.map
INFO: [ app_init ] --START--
INFO: Run Behavior\BuildLiteBehavior [ RunTime:0.000011s ]
INFO: [ app_init ] --END-- [ RunTime:0.000303s ]
ERR: 无法加载模块:Public

[ 2017-11-04T00:24:09+08:00 ] ::1 /Public/admin/css/vendor/bootstrap/css/bootstrap.min.css.map
INFO: [ app_init ] --START--
INFO: Run Behavior\BuildLiteBehavior [ RunTime:0.000008s ]
INFO: [ app_init ] --END-- [ RunTime:0.000265s ]
ERR: 无法加载模块:Public

[ 2017-11-04T00:25:08+08:00 ] ::1 /Public/admin/css/vendor/bootstrap/js/bootstrap.bundle.min.js.map
INFO: [ app_init ] --START--
INFO: Run Behavior\BuildLiteBehavior [ RunTime:0.000012s ]
INFO: [ app_init ] --END-- [ RunTime:0.000387s ]
ERR: 无法加载模块:Public

[ 2017-11-04T00:25:08+08:00 ] ::1 /Public/admin/css/vendor/bootstrap/css/bootstrap.min.css.map
INFO: [ app_init ] --START--
INFO: Run Behavior\BuildLiteBehavior [ RunTime:0.000013s ]
INFO: [ app_init ] --END-- [ RunTime:0.000362s ]
ERR: 无法加载模块:Public

[ 2017-11-04T11:24:47+08:00 ] ::1 /Public/admin/css/vendor/bootstrap/js/bootstrap.bundle.min.js.map
INFO: [ app_init ] --START--
INFO: Run Behavior\BuildLiteBehavior [ RunTime:0.000034s ]
INFO: [ app_init ] --END-- [ RunTime:0.000714s ]
ERR: 无法加载模块:Public

[ 2017-11-04T11:24:47+08:00 ] ::1 /Public/admin/css/vendor/bootstrap/css/bootstrap.min.css.map
INFO: [ app_init ] --START--
INFO: Run Behavior\BuildLiteBehavior [ RunTime:0.000007s ]
INFO: [ app_init ] --END-- [ RunTime:0.000235s ]
ERR: 无法加载模块:Public

[ 2017-11-04T11:24:57+08:00 ] ::1 /Public/admin/css/vendor/bootstrap/js/bootstrap.bundle.min.js.map
INFO: [ app_init ] --START--
INFO: Run Behavior\BuildLiteBehavior [ RunTime:0.000010s ]
INFO: [ app_init ] --END-- [ RunTime:0.000291s ]
ERR: 无法加载模块:Public

[ 2017-11-04T11:24:57+08:00 ] ::1 /Public/admin/css/vendor/bootstrap/css/bootstrap.min.css.map
INFO: [ app_init ] --START--
INFO: Run Behavior\BuildLiteBehavior [ RunTime:0.000007s ]
INFO: [ app_init ] --END-- [ RunTime:0.000240s ]
ERR: 无法加载模块:Public

[ 2017-11-04T11:25:08+08:00 ] ::1 /Public/admin/css/vendor/bootstrap/js/bootstrap.bundle.min.js.map
INFO: [ app_init ] --START--
INFO: Run Behavior\BuildLiteBehavior [ RunTime:0.000011s ]
INFO: [ app_init ] --END-- [ RunTime:0.000282s ]
ERR: 无法加载模块:Public

[ 2017-11-04T11:25:08+08:00 ] ::1 /Public/admin/css/vendor/bootstrap/css/bootstrap.min.css.map
INFO: [ app_init ] --START--
INFO: Run Behavior\BuildLiteBehavior [ RunTime:0.000009s ]
INFO: [ app_init ] --END-- [ RunTime:0.000404s ]
ERR: 无法加载模块:Public

[ 2017-11-04T11:25:11+08:00 ] ::1 /Public/admin/css/vendor/bootstrap/js/bootstrap.bundle.min.js.map
INFO: [ app_init ] --START--
INFO: Run Behavior\BuildLiteBehavior [ RunTime:0.000009s ]
INFO: [ app_init ] --END-- [ RunTime:0.000229s ]
ERR: 无法加载模块:Public

[ 2017-11-04T11:25:11+08:00 ] ::1 /Public/admin/css/vendor/bootstrap/css/bootstrap.min.css.map
INFO: [ app_init ] --START--
INFO: Run Behavior\BuildLiteBehavior [ RunTime:0.000007s ]
INFO: [ app_init ] --END-- [ RunTime:0.000215s ]
ERR: 无法加载模块:Public

[ 2017-11-04T11:25:18+08:00 ] ::1 /Public/admin/css/vendor/bootstrap/js/bootstrap.bundle.min.js.map
INFO: [ app_init ] --START--
INFO: Run Behavior\BuildLiteBehavior [ RunTime:0.000008s ]
INFO: [ app_init ] --END-- [ RunTime:0.000230s ]
ERR: 无法加载模块:Public

[ 2017-11-04T11:25:18+08:00 ] ::1 /Public/admin/css/vendor/bootstrap/css/bootstrap.min.css.map
INFO: [ app_init ] --START--
INFO: Run Behavior\BuildLiteBehavior [ RunTime:0.000007s ]
INFO: [ app_init ] --END-- [ RunTime:0.000221s ]
ERR: 无法加载模块:Public

[ 2017-11-04T11:25:21+08:00 ] ::1 /Public/admin/css/vendor/bootstrap/js/bootstrap.bundle.min.js.map
INFO: [ app_init ] --START--
INFO: Run Behavior\BuildLiteBehavior [ RunTime:0.000012s ]
INFO: [ app_init ] --END-- [ RunTime:0.000288s ]
ERR: 无法加载模块:Public

[ 2017-11-04T11:25:21+08:00 ] ::1 /Public/admin/css/vendor/bootstrap/css/bootstrap.min.css.map
INFO: [ app_init ] --START--
INFO: Run Behavior\BuildLiteBehavior [ RunTime:0.000007s ]
INFO: [ app_init ] --END-- [ RunTime:0.000213s ]
ERR: 无法加载模块:Public

[ 2017-11-04T13:48:49+08:00 ] ::1 /Public/admin/css/vendor/bootstrap/css/bootstrap.min.css.map
INFO: [ app_init ] --START--
INFO: Run Behavior\BuildLiteBehavior [ RunTime:0.000009s ]
INFO: [ app_init ] --END-- [ RunTime:0.000276s ]
ERR: 无法加载模块:Public

[ 2017-11-04T14:11:35+08:00 ] ::1 /Public/admin/css/vendor/bootstrap/js/bootstrap.bundle.min.js.map
INFO: [ app_init ] --START--
INFO: Run Behavior\BuildLiteBehavior [ RunTime:0.000017s ]
INFO: [ app_init ] --END-- [ RunTime:0.000363s ]
ERR: 无法加载模块:Public

[ 2017-11-04T14:11:36+08:00 ] ::1 /Public/admin/css/vendor/bootstrap/css/bootstrap.min.css.map
INFO: [ app_init ] --START--
INFO: Run Behavior\BuildLiteBehavior [ RunTime:0.000013s ]
INFO: [ app_init ] --END-- [ RunTime:0.000395s ]
ERR: 无法加载模块:Public

[ 2017-11-04T14:12:52+08:00 ] ::1 /Public/admin/css/vendor/bootstrap/js/bootstrap.bundle.min.js.map
INFO: [ app_init ] --START--
INFO: Run Behavior\BuildLiteBehavior [ RunTime:0.000008s ]
INFO: [ app_init ] --END-- [ RunTime:0.000269s ]
ERR: 无法加载模块:Public

[ 2017-11-04T14:12:52+08:00 ] ::1 /Public/admin/css/vendor/bootstrap/css/bootstrap.min.css.map
INFO: [ app_init ] --START--
INFO: Run Behavior\BuildLiteBehavior [ RunTime:0.000008s ]
INFO: [ app_init ] --END-- [ RunTime:0.000268s ]
ERR: 无法加载模块:Public

[ 2017-11-04T14:13:14+08:00 ] ::1 /Public/admin/css/vendor/bootstrap/js/bootstrap.bundle.min.js.map
INFO: [ app_init ] --START--
INFO: Run Behavior\BuildLiteBehavior [ RunTime:0.000009s ]
INFO: [ app_init ] --END-- [ RunTime:0.000271s ]
ERR: 无法加载模块:Public

[ 2017-11-04T14:13:14+08:00 ] ::1 /Public/admin/css/vendor/bootstrap/css/bootstrap.min.css.map
INFO: [ app_init ] --START--
INFO: Run Behavior\BuildLiteBehavior [ RunTime:0.000009s ]
INFO: [ app_init ] --END-- [ RunTime:0.000284s ]
ERR: 无法加载模块:Public

[ 2017-11-04T14:13:18+08:00 ] ::1 /Public/admin/css/vendor/bootstrap/js/bootstrap.bundle.min.js.map
INFO: [ app_init ] --START--
INFO: Run Behavior\BuildLiteBehavior [ RunTime:0.000008s ]
INFO: [ app_init ] --END-- [ RunTime:0.000275s ]
ERR: 无法加载模块:Public

[ 2017-11-04T14:13:18+08:00 ] ::1 /Public/admin/css/vendor/bootstrap/css/bootstrap.min.css.map
INFO: [ app_init ] --START--
INFO: Run Behavior\BuildLiteBehavior [ RunTime:0.000009s ]
INFO: [ app_init ] --END-- [ RunTime:0.000275s ]
ERR: 无法加载模块:Public

[ 2017-11-04T14:14:02+08:00 ] ::1 /Public/admin/css/vendor/bootstrap/js/bootstrap.bundle.min.js.map
INFO: [ app_init ] --START--
INFO: Run Behavior\BuildLiteBehavior [ RunTime:0.000013s ]
INFO: [ app_init ] --END-- [ RunTime:0.000349s ]
ERR: 无法加载模块:Public

[ 2017-11-04T14:14:02+08:00 ] ::1 /Public/admin/css/vendor/bootstrap/css/bootstrap.min.css.map
INFO: [ app_init ] --START--
INFO: Run Behavior\BuildLiteBehavior [ RunTime:0.000008s ]
INFO: [ app_init ] --END-- [ RunTime:0.000270s ]
ERR: 无法加载模块:Public

[ 2017-11-04T14:14:03+08:00 ] ::1 /Public/admin/css/vendor/bootstrap/js/bootstrap.bundle.min.js.map
INFO: [ app_init ] --START--
INFO: Run Behavior\BuildLiteBehavior [ RunTime:0.000010s ]
INFO: [ app_init ] --END-- [ RunTime:0.000334s ]
ERR: 无法加载模块:Public

[ 2017-11-04T14:14:03+08:00 ] ::1 /Public/admin/css/vendor/bootstrap/css/bootstrap.min.css.map
INFO: [ app_init ] --START--
INFO: Run Behavior\BuildLiteBehavior [ RunTime:0.000014s ]
INFO: [ app_init ] --END-- [ RunTime:0.000296s ]
ERR: 无法加载模块:Public

[ 2017-11-04T14:14:18+08:00 ] ::1 /Public/admin/css/vendor/bootstrap/js/bootstrap.bundle.min.js.map
INFO: [ app_init ] --START--
INFO: Run Behavior\BuildLiteBehavior [ RunTime:0.000010s ]
INFO: [ app_init ] --END-- [ RunTime:0.000279s ]
ERR: 无法加载模块:Public

[ 2017-11-04T14:14:18+08:00 ] ::1 /Public/admin/css/vendor/bootstrap/css/bootstrap.min.css.map
INFO: [ app_init ] --START--
INFO: Run Behavior\BuildLiteBehavior [ RunTime:0.000009s ]
INFO: [ app_init ] --END-- [ RunTime:0.000269s ]
ERR: 无法加载模块:Public

[ 2017-11-04T14:15:42+08:00 ] ::1 /Public/admin/css/vendor/bootstrap/js/bootstrap.bundle.min.js.map
INFO: [ app_init ] --START--
INFO: Run Behavior\BuildLiteBehavior [ RunTime:0.000012s ]
INFO: [ app_init ] --END-- [ RunTime:0.000422s ]
ERR: 无法加载模块:Public

[ 2017-11-04T14:15:42+08:00 ] ::1 /Public/admin/css/vendor/bootstrap/css/bootstrap.min.css.map
INFO: [ app_init ] --START--
INFO: Run Behavior\BuildLiteBehavior [ RunTime:0.000009s ]
INFO: [ app_init ] --END-- [ RunTime:0.000274s ]
ERR: 无法加载模块:Public

[ 2017-11-04T14:15:43+08:00 ] ::1 /Public/admin/css/vendor/bootstrap/js/bootstrap.bundle.min.js.map
INFO: [ app_init ] --START--
INFO: Run Behavior\BuildLiteBehavior [ RunTime:0.000011s ]
INFO: [ app_init ] --END-- [ RunTime:0.000288s ]
ERR: 无法加载模块:Public

[ 2017-11-04T14:15:43+08:00 ] ::1 /Public/admin/css/vendor/bootstrap/css/bootstrap.min.css.map
INFO: [ app_init ] --START--
INFO: Run Behavior\BuildLiteBehavior [ RunTime:0.000012s ]
INFO: [ app_init ] --END-- [ RunTime:0.000390s ]
ERR: 无法加载模块:Public

[ 2017-11-04T14:15:45+08:00 ] ::1 /Public/admin/css/vendor/bootstrap/js/bootstrap.bundle.min.js.map
INFO: [ app_init ] --START--
INFO: Run Behavior\BuildLiteBehavior [ RunTime:0.000010s ]
INFO: [ app_init ] --END-- [ RunTime:0.000314s ]
ERR: 无法加载模块:Public

[ 2017-11-04T14:15:45+08:00 ] ::1 /Public/admin/css/vendor/bootstrap/css/bootstrap.min.css.map
INFO: [ app_init ] --START--
INFO: Run Behavior\BuildLiteBehavior [ RunTime:0.000012s ]
INFO: [ app_init ] --END-- [ RunTime:0.000392s ]
ERR: 无法加载模块:Public

[ 2017-11-04T14:15:45+08:00 ] ::1 /Public/admin/css/vendor/bootstrap/js/bootstrap.bundle.min.js.map
INFO: [ app_init ] --START--
INFO: Run Behavior\BuildLiteBehavior [ RunTime:0.000009s ]
INFO: [ app_init ] --END-- [ RunTime:0.000276s ]
ERR: 无法加载模块:Public

[ 2017-11-04T14:15:45+08:00 ] ::1 /Public/admin/css/vendor/bootstrap/css/bootstrap.min.css.map
INFO: [ app_init ] --START--
INFO: Run Behavior\BuildLiteBehavior [ RunTime:0.000011s ]
INFO: [ app_init ] --END-- [ RunTime:0.000296s ]
ERR: 无法加载模块:Public

[ 2017-11-04T14:20:27+08:00 ] ::1 /Public/admin/css/vendor/bootstrap/js/bootstrap.bundle.min.js.map
INFO: [ app_init ] --START--
INFO: Run Behavior\BuildLiteBehavior [ RunTime:0.000013s ]
INFO: [ app_init ] --END-- [ RunTime:0.000366s ]
ERR: 无法加载模块:Public

[ 2017-11-04T14:20:27+08:00 ] ::1 /Public/admin/css/vendor/bootstrap/css/bootstrap.min.css.map
INFO: [ app_init ] --START--
INFO: Run Behavior\BuildLiteBehavior [ RunTime:0.000008s ]
INFO: [ app_init ] --END-- [ RunTime:0.000269s ]
ERR: 无法加载模块:Public

[ 2017-11-04T14:20:31+08:00 ] ::1 /Public/admin/css/vendor/bootstrap/js/bootstrap.bundle.min.js.map
INFO: [ app_init ] --START--
INFO: Run Behavior\BuildLiteBehavior [ RunTime:0.000010s ]
INFO: [ app_init ] --END-- [ RunTime:0.000282s ]
ERR: 无法加载模块:Public

[ 2017-11-04T14:20:31+08:00 ] ::1 /Public/admin/css/vendor/bootstrap/css/bootstrap.min.css.map
INFO: [ app_init ] --START--
INFO: Run Behavior\BuildLiteBehavior [ RunTime:0.000010s ]
INFO: [ app_init ] --END-- [ RunTime:0.000284s ]
ERR: 无法加载模块:Public

[ 2017-11-04T15:04:04+08:00 ] ::1 /Public/admin/css/vendor/bootstrap/css/bootstrap.min.css.map
INFO: [ app_init ] --START--
INFO: Run Behavior\BuildLiteBehavior [ RunTime:0.000024s ]
INFO: [ app_init ] --END-- [ RunTime:0.001136s ]
ERR: 无法加载模块:Public

[ 2017-11-04T15:05:59+08:00 ] ::1 /Public/admin/css/vendor/bootstrap/js/bootstrap.bundle.min.js.map
INFO: [ app_init ] --START--
INFO: Run Behavior\BuildLiteBehavior [ RunTime:0.000029s ]
INFO: [ app_init ] --END-- [ RunTime:0.000982s ]
ERR: 无法加载模块:Public

[ 2017-11-04T15:05:59+08:00 ] ::1 /Public/admin/css/vendor/bootstrap/css/bootstrap.min.css.map
INFO: [ app_init ] --START--
INFO: Run Behavior\BuildLiteBehavior [ RunTime:0.000025s ]
INFO: [ app_init ] --END-- [ RunTime:0.001044s ]
ERR: 无法加载模块:Public

[ 2017-11-04T15:06:18+08:00 ] ::1 /Public/admin/css/vendor/bootstrap/js/bootstrap.bundle.min.js.map
INFO: [ app_init ] --START--
INFO: Run Behavior\BuildLiteBehavior [ RunTime:0.000030s ]
INFO: [ app_init ] --END-- [ RunTime:0.001209s ]
ERR: 无法加载模块:Public

[ 2017-11-04T15:06:18+08:00 ] ::1 /Public/admin/css/vendor/bootstrap/css/bootstrap.min.css.map
INFO: [ app_init ] --START--
INFO: Run Behavior\BuildLiteBehavior [ RunTime:0.000025s ]
INFO: [ app_init ] --END-- [ RunTime:0.001073s ]
ERR: 无法加载模块:Public

[ 2017-11-04T15:06:32+08:00 ] ::1 /Public/admin/css/vendor/bootstrap/js/bootstrap.bundle.min.js.map
INFO: [ app_init ] --START--
INFO: Run Behavior\BuildLiteBehavior [ RunTime:0.000031s ]
INFO: [ app_init ] --END-- [ RunTime:0.001248s ]
ERR: 无法加载模块:Public

[ 2017-11-04T15:06:32+08:00 ] ::1 /Public/admin/css/vendor/bootstrap/css/bootstrap.min.css.map
INFO: [ app_init ] --START--
INFO: Run Behavior\BuildLiteBehavior [ RunTime:0.000032s ]
INFO: [ app_init ] --END-- [ RunTime:0.001197s ]
ERR: 无法加载模块:Public

[ 2017-11-04T15:07:51+08:00 ] ::1 /Public/admin/css/vendor/bootstrap/js/bootstrap.bundle.min.js.map
INFO: [ app_init ] --START--
INFO: Run Behavior\BuildLiteBehavior [ RunTime:0.000031s ]
INFO: [ app_init ] --END-- [ RunTime:0.001264s ]
ERR: 无法加载模块:Public

[ 2017-11-04T15:07:51+08:00 ] ::1 /Public/admin/css/vendor/bootstrap/css/bootstrap.min.css.map
INFO: [ app_init ] --START--
INFO: Run Behavior\BuildLiteBehavior [ RunTime:0.000035s ]
INFO: [ app_init ] --END-- [ RunTime:0.001242s ]
ERR: 无法加载模块:Public

[ 2017-11-04T15:08:10+08:00 ] ::1 /Public/admin/css/vendor/bootstrap/js/bootstrap.bundle.min.js.map
INFO: [ app_init ] --START--
INFO: Run Behavior\BuildLiteBehavior [ RunTime:0.000024s ]
INFO: [ app_init ] --END-- [ RunTime:0.000880s ]
ERR: 无法加载模块:Public

[ 2017-11-04T15:08:11+08:00 ] ::1 /Public/admin/css/vendor/bootstrap/css/bootstrap.min.css.map
INFO: [ app_init ] --START--
INFO: Run Behavior\BuildLiteBehavior [ RunTime:0.000032s ]
INFO: [ app_init ] --END-- [ RunTime:0.001277s ]
ERR: 无法加载模块:Public

[ 2017-11-04T15:10:31+08:00 ] ::1 /Public/admin/css/vendor/bootstrap/js/bootstrap.bundle.min.js.map
INFO: [ app_init ] --START--
INFO: Run Behavior\BuildLiteBehavior [ RunTime:0.000023s ]
INFO: [ app_init ] --END-- [ RunTime:0.000850s ]
ERR: 无法加载模块:Public

[ 2017-11-04T15:10:32+08:00 ] ::1 /Public/admin/css/vendor/bootstrap/css/bootstrap.min.css.map
INFO: [ app_init ] --START--
INFO: Run Behavior\BuildLiteBehavior [ RunTime:0.000028s ]
INFO: [ app_init ] --END-- [ RunTime:0.001120s ]
ERR: 无法加载模块:Public

[ 2017-11-04T15:11:06+08:00 ] ::1 /Public/admin/css/vendor/bootstrap/js/bootstrap.bundle.min.js.map
INFO: [ app_init ] --START--
INFO: Run Behavior\BuildLiteBehavior [ RunTime:0.000032s ]
INFO: [ app_init ] --END-- [ RunTime:0.001271s ]
ERR: 无法加载模块:Public

[ 2017-11-04T15:11:06+08:00 ] ::1 /Public/admin/css/vendor/bootstrap/css/bootstrap.min.css.map
INFO: [ app_init ] --START--
INFO: Run Behavior\BuildLiteBehavior [ RunTime:0.000026s ]
INFO: [ app_init ] --END-- [ RunTime:0.001161s ]
ERR: 无法加载模块:Public

[ 2017-11-04T15:11:22+08:00 ] ::1 /Public/admin/css/vendor/bootstrap/js/bootstrap.bundle.min.js.map
INFO: [ app_init ] --START--
INFO: Run Behavior\BuildLiteBehavior [ RunTime:0.000024s ]
INFO: [ app_init ] --END-- [ RunTime:0.000932s ]
ERR: 无法加载模块:Public

[ 2017-11-04T15:11:22+08:00 ] ::1 /Public/admin/css/vendor/bootstrap/css/bootstrap.min.css.map
INFO: [ app_init ] --START--
INFO: Run Behavior\BuildLiteBehavior [ RunTime:0.000045s ]
INFO: [ app_init ] --END-- [ RunTime:0.001185s ]
ERR: 无法加载模块:Public

[ 2017-11-04T15:11:56+08:00 ] ::1 /Public/admin/css/vendor/bootstrap/js/bootstrap.bundle.min.js.map
INFO: [ app_init ] --START--
INFO: Run Behavior\BuildLiteBehavior [ RunTime:0.000026s ]
INFO: [ app_init ] --END-- [ RunTime:0.001270s ]
ERR: 无法加载模块:Public

[ 2017-11-04T15:11:57+08:00 ] ::1 /Public/admin/css/vendor/bootstrap/css/bootstrap.min.css.map
INFO: [ app_init ] --START--
INFO: Run Behavior\BuildLiteBehavior [ RunTime:0.000026s ]
INFO: [ app_init ] --END-- [ RunTime:0.001036s ]
ERR: 无法加载模块:Public

[ 2017-11-04T15:12:38+08:00 ] ::1 /Public/admin/css/vendor/bootstrap/js/bootstrap.bundle.min.js.map
INFO: [ app_init ] --START--
INFO: Run Behavior\BuildLiteBehavior [ RunTime:0.000029s ]
INFO: [ app_init ] --END-- [ RunTime:0.001206s ]
ERR: 无法加载模块:Public

[ 2017-11-04T15:12:38+08:00 ] ::1 /Public/admin/css/vendor/bootstrap/css/bootstrap.min.css.map
INFO: [ app_init ] --START--
INFO: Run Behavior\BuildLiteBehavior [ RunTime:0.000059s ]
INFO: [ app_init ] --END-- [ RunTime:0.000986s ]
ERR: 无法加载模块:Public

[ 2017-11-04T15:13:20+08:00 ] ::1 /Public/admin/css/vendor/bootstrap/js/bootstrap.bundle.min.js.map
INFO: [ app_init ] --START--
INFO: Run Behavior\BuildLiteBehavior [ RunTime:0.000024s ]
INFO: [ app_init ] --END-- [ RunTime:0.000907s ]
ERR: 无法加载模块:Public

[ 2017-11-04T15:13:20+08:00 ] ::1 /Public/admin/css/vendor/bootstrap/css/bootstrap.min.css.map
INFO: [ app_init ] --START--
INFO: Run Behavior\BuildLiteBehavior [ RunTime:0.000025s ]
INFO: [ app_init ] --END-- [ RunTime:0.000890s ]
ERR: 无法加载模块:Public

[ 2017-11-04T15:13:22+08:00 ] ::1 /Public/admin/css/vendor/bootstrap/js/bootstrap.bundle.min.js.map
INFO: [ app_init ] --START--
INFO: Run Behavior\BuildLiteBehavior [ RunTime:0.000021s ]
INFO: [ app_init ] --END-- [ RunTime:0.000865s ]
ERR: 无法加载模块:Public

[ 2017-11-04T15:13:22+08:00 ] ::1 /Public/admin/css/vendor/bootstrap/css/bootstrap.min.css.map
INFO: [ app_init ] --START--
INFO: Run Behavior\BuildLiteBehavior [ RunTime:0.000023s ]
INFO: [ app_init ] --END-- [ RunTime:0.000865s ]
ERR: 无法加载模块:Public

[ 2017-11-04T15:13:23+08:00 ] ::1 /Public/admin/css/vendor/bootstrap/js/bootstrap.bundle.min.js.map
INFO: [ app_init ] --START--
INFO: Run Behavior\BuildLiteBehavior [ RunTime:0.000036s ]
INFO: [ app_init ] --END-- [ RunTime:0.001290s ]
ERR: 无法加载模块:Public

[ 2017-11-04T15:13:23+08:00 ] ::1 /Public/admin/css/vendor/bootstrap/css/bootstrap.min.css.map
INFO: [ app_init ] --START--
INFO: Run Behavior\BuildLiteBehavior [ RunTime:0.000033s ]
INFO: [ app_init ] --END-- [ RunTime:0.001355s ]
ERR: 无法加载模块:Public

[ 2017-11-04T15:13:25+08:00 ] ::1 /Public/admin/css/vendor/bootstrap/js/bootstrap.bundle.min.js.map
INFO: [ app_init ] --START--
INFO: Run Behavior\BuildLiteBehavior [ RunTime:0.000023s ]
INFO: [ app_init ] --END-- [ RunTime:0.001058s ]
ERR: 无法加载模块:Public

[ 2017-11-04T15:13:25+08:00 ] ::1 /Public/admin/css/vendor/bootstrap/css/bootstrap.min.css.map
INFO: [ app_init ] --START--
INFO: Run Behavior\BuildLiteBehavior [ RunTime:0.000036s ]
INFO: [ app_init ] --END-- [ RunTime:0.001521s ]
ERR: 无法加载模块:Public

[ 2017-11-04T15:13:25+08:00 ] ::1 /Public/admin/css/vendor/bootstrap/js/bootstrap.bundle.min.js.map
INFO: [ app_init ] --START--
INFO: Run Behavior\BuildLiteBehavior [ RunTime:0.000023s ]
INFO: [ app_init ] --END-- [ RunTime:0.000972s ]
ERR: 无法加载模块:Public

[ 2017-11-04T15:13:25+08:00 ] ::1 /Public/admin/css/vendor/bootstrap/css/bootstrap.min.css.map
INFO: [ app_init ] --START--
INFO: Run Behavior\BuildLiteBehavior [ RunTime:0.000031s ]
INFO: [ app_init ] --END-- [ RunTime:0.001199s ]
ERR: 无法加载模块:Public

[ 2017-11-04T15:13:26+08:00 ] ::1 /Public/admin/css/vendor/bootstrap/js/bootstrap.bundle.min.js.map
INFO: [ app_init ] --START--
INFO: Run Behavior\BuildLiteBehavior [ RunTime:0.000022s ]
INFO: [ app_init ] --END-- [ RunTime:0.000840s ]
ERR: 无法加载模块:Public

[ 2017-11-04T15:13:26+08:00 ] ::1 /Public/admin/css/vendor/bootstrap/css/bootstrap.min.css.map
INFO: [ app_init ] --START--
INFO: Run Behavior\BuildLiteBehavior [ RunTime:0.000034s ]
INFO: [ app_init ] --END-- [ RunTime:0.001438s ]
ERR: 无法加载模块:Public

[ 2017-11-04T15:13:26+08:00 ] ::1 /Public/admin/css/vendor/bootstrap/js/bootstrap.bundle.min.js.map
INFO: [ app_init ] --START--
INFO: Run Behavior\BuildLiteBehavior [ RunTime:0.000026s ]
INFO: [ app_init ] --END-- [ RunTime:0.000952s ]
ERR: 无法加载模块:Public

[ 2017-11-04T15:13:27+08:00 ] ::1 /Public/admin/css/vendor/bootstrap/css/bootstrap.min.css.map
INFO: [ app_init ] --START--
INFO: Run Behavior\BuildLiteBehavior [ RunTime:0.000024s ]
INFO: [ app_init ] --END-- [ RunTime:0.000879s ]
ERR: 无法加载模块:Public

[ 2017-11-04T15:13:58+08:00 ] ::1 /Public/admin/css/vendor/bootstrap/js/bootstrap.bundle.min.js.map
INFO: [ app_init ] --START--
INFO: Run Behavior\BuildLiteBehavior [ RunTime:0.000024s ]
INFO: [ app_init ] --END-- [ RunTime:0.000883s ]
ERR: 无法加载模块:Public

[ 2017-11-04T15:13:58+08:00 ] ::1 /Public/admin/css/vendor/bootstrap/css/bootstrap.min.css.map
INFO: [ app_init ] --START--
INFO: Run Behavior\BuildLiteBehavior [ RunTime:0.000033s ]
INFO: [ app_init ] --END-- [ RunTime:0.001043s ]
ERR: 无法加载模块:Public

[ 2017-11-04T15:13:59+08:00 ] ::1 /Public/admin/css/vendor/bootstrap/js/bootstrap.bundle.min.js.map
INFO: [ app_init ] --START--
INFO: Run Behavior\BuildLiteBehavior [ RunTime:0.000025s ]
INFO: [ app_init ] --END-- [ RunTime:0.000907s ]
ERR: 无法加载模块:Public

[ 2017-11-04T15:13:59+08:00 ] ::1 /Public/admin/css/vendor/bootstrap/css/bootstrap.min.css.map
INFO: [ app_init ] --START--
INFO: Run Behavior\BuildLiteBehavior [ RunTime:0.000023s ]
INFO: [ app_init ] --END-- [ RunTime:0.000870s ]
ERR: 无法加载模块:Public

[ 2017-11-04T15:14:00+08:00 ] ::1 /Public/admin/css/vendor/bootstrap/js/bootstrap.bundle.min.js.map
INFO: [ app_init ] --START--
INFO: Run Behavior\BuildLiteBehavior [ RunTime:0.000022s ]
INFO: [ app_init ] --END-- [ RunTime:0.000865s ]
ERR: 无法加载模块:Public

[ 2017-11-04T15:14:00+08:00 ] ::1 /Public/admin/css/vendor/bootstrap/css/bootstrap.min.css.map
INFO: [ app_init ] --START--
INFO: Run Behavior\BuildLiteBehavior [ RunTime:0.000025s ]
INFO: [ app_init ] --END-- [ RunTime:0.000918s ]
ERR: 无法加载模块:Public

[ 2017-11-04T15:15:01+08:00 ] ::1 /Public/admin/css/vendor/bootstrap/js/bootstrap.bundle.min.js.map
INFO: [ app_init ] --START--
INFO: Run Behavior\BuildLiteBehavior [ RunTime:0.000022s ]
INFO: [ app_init ] --END-- [ RunTime:0.000883s ]
ERR: 无法加载模块:Public

[ 2017-11-04T15:15:01+08:00 ] ::1 /Public/admin/css/vendor/bootstrap/css/bootstrap.min.css.map
INFO: [ app_init ] --START--
INFO: Run Behavior\BuildLiteBehavior [ RunTime:0.000024s ]
INFO: [ app_init ] --END-- [ RunTime:0.000905s ]
ERR: 无法加载模块:Public

[ 2017-11-04T15:17:46+08:00 ] ::1 /Public/admin/css/vendor/bootstrap/js/bootstrap.bundle.min.js.map
INFO: [ app_init ] --START--
INFO: Run Behavior\BuildLiteBehavior [ RunTime:0.000025s ]
INFO: [ app_init ] --END-- [ RunTime:0.000887s ]
ERR: 无法加载模块:Public

[ 2017-11-04T15:17:46+08:00 ] ::1 /Public/admin/css/vendor/bootstrap/css/bootstrap.min.css.map
INFO: [ app_init ] --START--
INFO: Run Behavior\BuildLiteBehavior [ RunTime:0.000036s ]
INFO: [ app_init ] --END-- [ RunTime:0.001340s ]
ERR: 无法加载模块:Public

[ 2017-11-04T15:18:12+08:00 ] ::1 /Public/admin/css/vendor/bootstrap/js/bootstrap.bundle.min.js.map
INFO: [ app_init ] --START--
INFO: Run Behavior\BuildLiteBehavior [ RunTime:0.000023s ]
INFO: [ app_init ] --END-- [ RunTime:0.000856s ]
ERR: 无法加载模块:Public

[ 2017-11-04T15:18:12+08:00 ] ::1 /Public/admin/css/vendor/bootstrap/css/bootstrap.min.css.map
INFO: [ app_init ] --START--
INFO: Run Behavior\BuildLiteBehavior [ RunTime:0.000024s ]
INFO: [ app_init ] --END-- [ RunTime:0.000940s ]
ERR: 无法加载模块:Public

[ 2017-11-04T15:18:54+08:00 ] ::1 /Public/admin/css/vendor/bootstrap/js/bootstrap.bundle.min.js.map
INFO: [ app_init ] --START--
INFO: Run Behavior\BuildLiteBehavior [ RunTime:0.000030s ]
INFO: [ app_init ] --END-- [ RunTime:0.000880s ]
ERR: 无法加载模块:Public

[ 2017-11-04T15:18:55+08:00 ] ::1 /Public/admin/css/vendor/bootstrap/css/bootstrap.min.css.map
INFO: [ app_init ] --START--
INFO: Run Behavior\BuildLiteBehavior [ RunTime:0.000031s ]
INFO: [ app_init ] --END-- [ RunTime:0.001265s ]
ERR: 无法加载模块:Public

[ 2017-11-04T15:20:31+08:00 ] ::1 /Public/admin/css/vendor/bootstrap/js/bootstrap.bundle.min.js.map
INFO: [ app_init ] --START--
INFO: Run Behavior\BuildLiteBehavior [ RunTime:0.000026s ]
INFO: [ app_init ] --END-- [ RunTime:0.001122s ]
ERR: 无法加载模块:Public

[ 2017-11-04T15:20:31+08:00 ] ::1 /Public/admin/css/vendor/bootstrap/css/bootstrap.min.css.map
INFO: [ app_init ] --START--
INFO: Run Behavior\BuildLiteBehavior [ RunTime:0.000028s ]
INFO: [ app_init ] --END-- [ RunTime:0.000902s ]
ERR: 无法加载模块:Public

[ 2017-11-04T15:27:25+08:00 ] ::1 /Public/admin/css/vendor/bootstrap/js/bootstrap.bundle.min.js.map
INFO: [ app_init ] --START--
INFO: Run Behavior\BuildLiteBehavior [ RunTime:0.000029s ]
INFO: [ app_init ] --END-- [ RunTime:0.000987s ]
ERR: 无法加载模块:Public

[ 2017-11-04T15:27:25+08:00 ] ::1 /Public/admin/css/vendor/bootstrap/css/bootstrap.min.css.map
INFO: [ app_init ] --START--
INFO: Run Behavior\BuildLiteBehavior [ RunTime:0.000024s ]
INFO: [ app_init ] --END-- [ RunTime:0.000951s ]
ERR: 无法加载模块:Public

[ 2017-11-04T15:27:32+08:00 ] ::1 /Public/admin/css/vendor/bootstrap/js/bootstrap.bundle.min.js.map
INFO: [ app_init ] --START--
INFO: Run Behavior\BuildLiteBehavior [ RunTime:0.000024s ]
INFO: [ app_init ] --END-- [ RunTime:0.000913s ]
ERR: 无法加载模块:Public

[ 2017-11-04T15:27:32+08:00 ] ::1 /Public/admin/css/vendor/bootstrap/css/bootstrap.min.css.map
INFO: [ app_init ] --START--
INFO: Run Behavior\BuildLiteBehavior [ RunTime:0.000031s ]
INFO: [ app_init ] --END-- [ RunTime:0.001265s ]
ERR: 无法加载模块:Public

[ 2017-11-04T15:30:48+08:00 ] ::1 /Public/admin/css/vendor/bootstrap/js/bootstrap.bundle.min.js.map
INFO: [ app_init ] --START--
INFO: Run Behavior\BuildLiteBehavior [ RunTime:0.000024s ]
INFO: [ app_init ] --END-- [ RunTime:0.000869s ]
ERR: 无法加载模块:Public

[ 2017-11-04T15:30:49+08:00 ] ::1 /Public/admin/css/vendor/bootstrap/css/bootstrap.min.css.map
INFO: [ app_init ] --START--
INFO: Run Behavior\BuildLiteBehavior [ RunTime:0.000031s ]
INFO: [ app_init ] --END-- [ RunTime:0.001015s ]
ERR: 无法加载模块:Public

[ 2017-11-04T15:31:38+08:00 ] ::1 /Public/admin/css/vendor/bootstrap/js/bootstrap.bundle.min.js.map
INFO: [ app_init ] --START--
INFO: Run Behavior\BuildLiteBehavior [ RunTime:0.000026s ]
INFO: [ app_init ] --END-- [ RunTime:0.000991s ]
ERR: 无法加载模块:Public

[ 2017-11-04T15:31:38+08:00 ] ::1 /Public/admin/css/vendor/bootstrap/css/bootstrap.min.css.map
INFO: [ app_init ] --START--
INFO: Run Behavior\BuildLiteBehavior [ RunTime:0.000035s ]
INFO: [ app_init ] --END-- [ RunTime:0.001337s ]
ERR: 无法加载模块:Public

[ 2017-11-04T15:32:12+08:00 ] ::1 /Public/admin/css/vendor/bootstrap/js/bootstrap.bundle.min.js.map
INFO: [ app_init ] --START--
INFO: Run Behavior\BuildLiteBehavior [ RunTime:0.000024s ]
INFO: [ app_init ] --END-- [ RunTime:0.000875s ]
ERR: 无法加载模块:Public

[ 2017-11-04T15:32:12+08:00 ] ::1 /Public/admin/css/vendor/bootstrap/css/bootstrap.min.css.map
INFO: [ app_init ] --START--
INFO: Run Behavior\BuildLiteBehavior [ RunTime:0.000027s ]
INFO: [ app_init ] --END-- [ RunTime:0.001009s ]
ERR: 无法加载模块:Public

[ 2017-11-04T15:38:20+08:00 ] ::1 /Public/admin/css/vendor/bootstrap/js/bootstrap.bundle.min.js.map
INFO: [ app_init ] --START--
INFO: Run Behavior\BuildLiteBehavior [ RunTime:0.000034s ]
INFO: [ app_init ] --END-- [ RunTime:0.001278s ]
ERR: 无法加载模块:Public

[ 2017-11-04T15:38:20+08:00 ] ::1 /Public/admin/css/vendor/bootstrap/css/bootstrap.min.css.map
INFO: [ app_init ] --START--
INFO: Run Behavior\BuildLiteBehavior [ RunTime:0.000026s ]
INFO: [ app_init ] --END-- [ RunTime:0.001066s ]
ERR: 无法加载模块:Public

[ 2017-11-04T15:38:22+08:00 ] ::1 /Public/admin/css/vendor/bootstrap/js/bootstrap.bundle.min.js.map
INFO: [ app_init ] --START--
INFO: Run Behavior\BuildLiteBehavior [ RunTime:0.000024s ]
INFO: [ app_init ] --END-- [ RunTime:0.000863s ]
ERR: 无法加载模块:Public

[ 2017-11-04T15:38:23+08:00 ] ::1 /Public/admin/css/vendor/bootstrap/css/bootstrap.min.css.map
INFO: [ app_init ] --START--
INFO: Run Behavior\BuildLiteBehavior [ RunTime:0.000023s ]
INFO: [ app_init ] --END-- [ RunTime:0.000888s ]
ERR: 无法加载模块:Public

[ 2017-11-04T15:38:25+08:00 ] ::1 /Public/admin/css/vendor/bootstrap/js/bootstrap.bundle.min.js.map
INFO: [ app_init ] --START--
INFO: Run Behavior\BuildLiteBehavior [ RunTime:0.000025s ]
INFO: [ app_init ] --END-- [ RunTime:0.000897s ]
ERR: 无法加载模块:Public

[ 2017-11-04T15:38:26+08:00 ] ::1 /Public/admin/css/vendor/bootstrap/css/bootstrap.min.css.map
INFO: [ app_init ] --START--
INFO: Run Behavior\BuildLiteBehavior [ RunTime:0.000043s ]
INFO: [ app_init ] --END-- [ RunTime:0.001412s ]
ERR: 无法加载模块:Public

[ 2017-11-04T15:38:52+08:00 ] ::1 /Public/admin/css/vendor/bootstrap/js/bootstrap.bundle.min.js.map
INFO: [ app_init ] --START--
INFO: Run Behavior\BuildLiteBehavior [ RunTime:0.000025s ]
INFO: [ app_init ] --END-- [ RunTime:0.000890s ]
ERR: 无法加载模块:Public

[ 2017-11-04T15:38:53+08:00 ] ::1 /Public/admin/css/vendor/bootstrap/css/bootstrap.min.css.map
INFO: [ app_init ] --START--
INFO: Run Behavior\BuildLiteBehavior [ RunTime:0.000037s ]
INFO: [ app_init ] --END-- [ RunTime:0.001099s ]
ERR: 无法加载模块:Public

[ 2017-11-04T15:39:11+08:00 ] ::1 /Public/admin/css/vendor/bootstrap/js/bootstrap.bundle.min.js.map
INFO: [ app_init ] --START--
INFO: Run Behavior\BuildLiteBehavior [ RunTime:0.000029s ]
INFO: [ app_init ] --END-- [ RunTime:0.001028s ]
ERR: 无法加载模块:Public

[ 2017-11-04T15:39:12+08:00 ] ::1 /Public/admin/css/vendor/bootstrap/css/bootstrap.min.css.map
INFO: [ app_init ] --START--
INFO: Run Behavior\BuildLiteBehavior [ RunTime:0.000025s ]
INFO: [ app_init ] --END-- [ RunTime:0.000945s ]
ERR: 无法加载模块:Public

[ 2017-11-04T15:42:00+08:00 ] ::1 /Public/admin/css/vendor/bootstrap/js/bootstrap.bundle.min.js.map
INFO: [ app_init ] --START--
INFO: Run Behavior\BuildLiteBehavior [ RunTime:0.000026s ]
INFO: [ app_init ] --END-- [ RunTime:0.000982s ]
ERR: 无法加载模块:Public

[ 2017-11-04T15:42:00+08:00 ] ::1 /Public/admin/css/vendor/bootstrap/css/bootstrap.min.css.map
INFO: [ app_init ] --START--
INFO: Run Behavior\BuildLiteBehavior [ RunTime:0.000023s ]
INFO: [ app_init ] --END-- [ RunTime:0.000974s ]
ERR: 无法加载模块:Public

[ 2017-11-04T15:45:46+08:00 ] ::1 /Public/admin/css/vendor/bootstrap/js/bootstrap.bundle.min.js.map
INFO: [ app_init ] --START--
INFO: Run Behavior\BuildLiteBehavior [ RunTime:0.000025s ]
INFO: [ app_init ] --END-- [ RunTime:0.000923s ]
ERR: 无法加载模块:Public

[ 2017-11-04T15:45:46+08:00 ] ::1 /Public/admin/css/vendor/bootstrap/css/bootstrap.min.css.map
INFO: [ app_init ] --START--
INFO: Run Behavior\BuildLiteBehavior [ RunTime:0.000022s ]
INFO: [ app_init ] --END-- [ RunTime:0.000842s ]
ERR: 无法加载模块:Public

[ 2017-11-04T15:45:57+08:00 ] ::1 /Public/admin/css/vendor/bootstrap/js/bootstrap.bundle.min.js.map
INFO: [ app_init ] --START--
INFO: Run Behavior\BuildLiteBehavior [ RunTime:0.000031s ]
INFO: [ app_init ] --END-- [ RunTime:0.001281s ]
ERR: 无法加载模块:Public

[ 2017-11-04T15:45:57+08:00 ] ::1 /Public/admin/css/vendor/bootstrap/css/bootstrap.min.css.map
INFO: [ app_init ] --START--
INFO: Run Behavior\BuildLiteBehavior [ RunTime:0.000032s ]
INFO: [ app_init ] --END-- [ RunTime:0.001286s ]
ERR: 无法加载模块:Public

[ 2017-11-04T15:46:05+08:00 ] ::1 /Public/admin/css/vendor/bootstrap/js/bootstrap.bundle.min.js.map
INFO: [ app_init ] --START--
INFO: Run Behavior\BuildLiteBehavior [ RunTime:0.000024s ]
INFO: [ app_init ] --END-- [ RunTime:0.000935s ]
ERR: 无法加载模块:Public

[ 2017-11-04T15:46:05+08:00 ] ::1 /Public/admin/css/vendor/bootstrap/css/bootstrap.min.css.map
INFO: [ app_init ] --START--
INFO: Run Behavior\BuildLiteBehavior [ RunTime:0.000022s ]
INFO: [ app_init ] --END-- [ RunTime:0.000873s ]
ERR: 无法加载模块:Public

[ 2017-11-04T15:51:30+08:00 ] ::1 /Public/admin/css/vendor/bootstrap/js/bootstrap.bundle.min.js.map
INFO: [ app_init ] --START--
INFO: Run Behavior\BuildLiteBehavior [ RunTime:0.000023s ]
INFO: [ app_init ] --END-- [ RunTime:0.000872s ]
ERR: 无法加载模块:Public

[ 2017-11-04T15:51:30+08:00 ] ::1 /Public/admin/css/vendor/bootstrap/css/bootstrap.min.css.map
INFO: [ app_init ] --START--
INFO: Run Behavior\BuildLiteBehavior [ RunTime:0.000031s ]
INFO: [ app_init ] --END-- [ RunTime:0.000987s ]
ERR: 无法加载模块:Public

[ 2017-11-04T15:51:36+08:00 ] ::1 /Public/admin/css/vendor/bootstrap/js/bootstrap.bundle.min.js.map
INFO: [ app_init ] --START--
INFO: Run Behavior\BuildLiteBehavior [ RunTime:0.000022s ]
INFO: [ app_init ] --END-- [ RunTime:0.000848s ]
ERR: 无法加载模块:Public

[ 2017-11-04T15:51:36+08:00 ] ::1 /Public/admin/css/vendor/bootstrap/css/bootstrap.min.css.map
INFO: [ app_init ] --START--
INFO: Run Behavior\BuildLiteBehavior [ RunTime:0.000032s ]
INFO: [ app_init ] --END-- [ RunTime:0.000984s ]
ERR: 无法加载模块:Public

[ 2017-11-04T15:51:43+08:00 ] ::1 /Public/admin/css/vendor/bootstrap/js/bootstrap.bundle.min.js.map
INFO: [ app_init ] --START--
INFO: Run Behavior\BuildLiteBehavior [ RunTime:0.000024s ]
INFO: [ app_init ] --END-- [ RunTime:0.000982s ]
ERR: 无法加载模块:Public

[ 2017-11-04T15:51:43+08:00 ] ::1 /Public/admin/css/vendor/bootstrap/css/bootstrap.min.css.map
INFO: [ app_init ] --START--
INFO: Run Behavior\BuildLiteBehavior [ RunTime:0.000024s ]
INFO: [ app_init ] --END-- [ RunTime:0.000962s ]
ERR: 无法加载模块:Public

[ 2017-11-04T15:51:50+08:00 ] ::1 /Public/admin/css/vendor/bootstrap/js/bootstrap.bundle.min.js.map
INFO: [ app_init ] --START--
INFO: Run Behavior\BuildLiteBehavior [ RunTime:0.000024s ]
INFO: [ app_init ] --END-- [ RunTime:0.000939s ]
ERR: 无法加载模块:Public

[ 2017-11-04T15:51:51+08:00 ] ::1 /Public/admin/css/vendor/bootstrap/css/bootstrap.min.css.map
INFO: [ app_init ] --START--
INFO: Run Behavior\BuildLiteBehavior [ RunTime:0.000023s ]
INFO: [ app_init ] --END-- [ RunTime:0.000879s ]
ERR: 无法加载模块:Public

[ 2017-11-04T15:52:40+08:00 ] ::1 /Public/admin/css/vendor/bootstrap/js/bootstrap.bundle.min.js.map
INFO: [ app_init ] --START--
INFO: Run Behavior\BuildLiteBehavior [ RunTime:0.000025s ]
INFO: [ app_init ] --END-- [ RunTime:0.000892s ]
ERR: 无法加载模块:Public

[ 2017-11-04T15:52:40+08:00 ] ::1 /Public/admin/css/vendor/bootstrap/css/bootstrap.min.css.map
INFO: [ app_init ] --START--
INFO: Run Behavior\BuildLiteBehavior [ RunTime:0.000031s ]
INFO: [ app_init ] --END-- [ RunTime:0.001041s ]
ERR: 无法加载模块:Public

[ 2017-11-04T15:52:49+08:00 ] ::1 /Public/admin/css/vendor/bootstrap/js/bootstrap.bundle.min.js.map
INFO: [ app_init ] --START--
INFO: Run Behavior\BuildLiteBehavior [ RunTime:0.000021s ]
INFO: [ app_init ] --END-- [ RunTime:0.000856s ]
ERR: 无法加载模块:Public

[ 2017-11-04T15:52:49+08:00 ] ::1 /Public/admin/css/vendor/bootstrap/css/bootstrap.min.css.map
INFO: [ app_init ] --START--
INFO: Run Behavior\BuildLiteBehavior [ RunTime:0.000024s ]
INFO: [ app_init ] --END-- [ RunTime:0.000885s ]
ERR: 无法加载模块:Public

[ 2017-11-04T15:52:55+08:00 ] ::1 /Public/admin/css/vendor/bootstrap/js/bootstrap.bundle.min.js.map
INFO: [ app_init ] --START--
INFO: Run Behavior\BuildLiteBehavior [ RunTime:0.000026s ]
INFO: [ app_init ] --END-- [ RunTime:0.001038s ]
ERR: 无法加载模块:Public

[ 2017-11-04T15:52:55+08:00 ] ::1 /Public/admin/css/vendor/bootstrap/css/bootstrap.min.css.map
INFO: [ app_init ] --START--
INFO: Run Behavior\BuildLiteBehavior [ RunTime:0.000038s ]
INFO: [ app_init ] --END-- [ RunTime:0.001258s ]
ERR: 无法加载模块:Public

[ 2017-11-04T15:53:00+08:00 ] ::1 /Public/admin/css/vendor/bootstrap/js/bootstrap.bundle.min.js.map
INFO: [ app_init ] --START--
INFO: Run Behavior\BuildLiteBehavior [ RunTime:0.000023s ]
INFO: [ app_init ] --END-- [ RunTime:0.001237s ]
ERR: 无法加载模块:Public

[ 2017-11-04T15:53:01+08:00 ] ::1 /Public/admin/css/vendor/bootstrap/css/bootstrap.min.css.map
INFO: [ app_init ] --START--
INFO: Run Behavior\BuildLiteBehavior [ RunTime:0.000025s ]
INFO: [ app_init ] --END-- [ RunTime:0.000982s ]
ERR: 无法加载模块:Public

[ 2017-11-04T17:06:01+08:00 ] ::1 /Public/admin/css/vendor/bootstrap/js/bootstrap.bundle.min.js.map
INFO: [ app_init ] --START--
INFO: Run Behavior\BuildLiteBehavior [ RunTime:0.000066s ]
INFO: [ app_init ] --END-- [ RunTime:0.001485s ]
ERR: 无法加载模块:Public

[ 2017-11-04T17:06:01+08:00 ] ::1 /Public/admin/css/vendor/bootstrap/css/bootstrap.min.css.map
INFO: [ app_init ] --START--
INFO: Run Behavior\BuildLiteBehavior [ RunTime:0.000024s ]
INFO: [ app_init ] --END-- [ RunTime:0.000978s ]
ERR: 无法加载模块:Public

[ 2017-11-04T17:13:00+08:00 ] ::1 /Public/admin/css/vendor/bootstrap/css/bootstrap.min.css.map
INFO: [ app_init ] --START--
INFO: Run Behavior\BuildLiteBehavior [ RunTime:0.000023s ]
INFO: [ app_init ] --END-- [ RunTime:0.000868s ]
ERR: 无法加载模块:Public

[ 2017-11-04T17:13:31+08:00 ] ::1 /Public/admin/css/vendor/bootstrap/js/bootstrap.bundle.min.js.map
INFO: [ app_init ] --START--
INFO: Run Behavior\BuildLiteBehavior [ RunTime:0.000031s ]
INFO: [ app_init ] --END-- [ RunTime:0.000927s ]
ERR: 无法加载模块:Public

[ 2017-11-04T17:13:32+08:00 ] ::1 /Public/admin/css/vendor/bootstrap/css/bootstrap.min.css.map
INFO: [ app_init ] --START--
INFO: Run Behavior\BuildLiteBehavior [ RunTime:0.000031s ]
INFO: [ app_init ] --END-- [ RunTime:0.001382s ]
ERR: 无法加载模块:Public

[ 2017-11-04T21:14:21+08:00 ] ::1 /Public/admin/js/theme/default/layer.css?v=3.1.0
INFO: [ app_init ] --START--
INFO: Run Behavior\BuildLiteBehavior [ RunTime:0.000022s ]
INFO: [ app_init ] --END-- [ RunTime:0.000850s ]
ERR: 无法加载模块:Public

[ 2017-11-04T21:14:28+08:00 ] ::1 /Public/admin/js/theme/default/layer.css?v=3.1.0
INFO: [ app_init ] --START--
INFO: Run Behavior\BuildLiteBehavior [ RunTime:0.000022s ]
INFO: [ app_init ] --END-- [ RunTime:0.000874s ]
ERR: 无法加载模块:Public

[ 2017-11-04T21:14:28+08:00 ] ::1 /Public/admin/css/vendor/bootstrap/css/bootstrap.min.css.map
INFO: [ app_init ] --START--
INFO: Run Behavior\BuildLiteBehavior [ RunTime:0.000021s ]
INFO: [ app_init ] --END-- [ RunTime:0.000849s ]
ERR: 无法加载模块:Public

[ 2017-11-04T21:15:50+08:00 ] ::1 /Public/admin/css/vendor/bootstrap/js/bootstrap.bundle.min.js.map
INFO: [ app_init ] --START--
INFO: Run Behavior\BuildLiteBehavior [ RunTime:0.000027s ]
INFO: [ app_init ] --END-- [ RunTime:0.000951s ]
ERR: 无法加载模块:Public

[ 2017-11-04T21:15:50+08:00 ] ::1 /Public/admin/css/vendor/bootstrap/css/bootstrap.min.css.map
INFO: [ app_init ] --START--
INFO: Run Behavior\BuildLiteBehavior [ RunTime:0.000048s ]
INFO: [ app_init ] --END-- [ RunTime:0.001341s ]
ERR: 无法加载模块:Public

[ 2017-11-04T21:17:11+08:00 ] ::1 /Public/admin/css/vendor/bootstrap/js/bootstrap.bundle.min.js.map
INFO: [ app_init ] --START--
INFO: Run Behavior\BuildLiteBehavior [ RunTime:0.000024s ]
INFO: [ app_init ] --END-- [ RunTime:0.000861s ]
ERR: 无法加载模块:Public

[ 2017-11-04T21:17:11+08:00 ] ::1 /Public/admin/css/vendor/bootstrap/css/bootstrap.min.css.map
INFO: [ app_init ] --START--
INFO: Run Behavior\BuildLiteBehavior [ RunTime:0.000031s ]
INFO: [ app_init ] --END-- [ RunTime:0.001247s ]
ERR: 无法加载模块:Public

[ 2017-11-04T21:19:13+08:00 ] ::1 /Public/admin/css/vendor/bootstrap/js/bootstrap.bundle.min.js.map
INFO: [ app_init ] --START--
INFO: Run Behavior\BuildLiteBehavior [ RunTime:0.000023s ]
INFO: [ app_init ] --END-- [ RunTime:0.000853s ]
ERR: 无法加载模块:Public

[ 2017-11-04T21:19:13+08:00 ] ::1 /Public/admin/css/vendor/bootstrap/css/bootstrap.min.css.map
INFO: [ app_init ] --START--
INFO: Run Behavior\BuildLiteBehavior [ RunTime:0.000038s ]
INFO: [ app_init ] --END-- [ RunTime:0.001281s ]
ERR: 无法加载模块:Public

[ 2017-11-04T21:19:43+08:00 ] ::1 /Public/admin/css/vendor/bootstrap/js/bootstrap.bundle.min.js.map
INFO: [ app_init ] --START--
INFO: Run Behavior\BuildLiteBehavior [ RunTime:0.000033s ]
INFO: [ app_init ] --END-- [ RunTime:0.001582s ]
ERR: 无法加载模块:Public

[ 2017-11-04T21:19:43+08:00 ] ::1 /Public/admin/css/vendor/bootstrap/css/bootstrap.min.css.map
INFO: [ app_init ] --START--
INFO: Run Behavior\BuildLiteBehavior [ RunTime:0.000022s ]
INFO: [ app_init ] --END-- [ RunTime:0.000976s ]
ERR: 无法加载模块:Public

[ 2017-11-04T21:26:38+08:00 ] ::1 /Public/admin/css/vendor/bootstrap/js/bootstrap.bundle.min.js.map
INFO: [ app_init ] --START--
INFO: Run Behavior\BuildLiteBehavior [ RunTime:0.000030s ]
INFO: [ app_init ] --END-- [ RunTime:0.001138s ]
ERR: 无法加载模块:Public

[ 2017-11-04T21:26:38+08:00 ] ::1 /Public/admin/css/vendor/bootstrap/css/bootstrap.min.css.map
INFO: [ app_init ] --START--
INFO: Run Behavior\BuildLiteBehavior [ RunTime:0.000022s ]
INFO: [ app_init ] --END-- [ RunTime:0.000834s ]
ERR: 无法加载模块:Public

[ 2017-11-04T21:29:26+08:00 ] ::1 /Public/admin/css/vendor/bootstrap/js/bootstrap.bundle.min.js.map
INFO: [ app_init ] --START--
INFO: Run Behavior\BuildLiteBehavior [ RunTime:0.000022s ]
INFO: [ app_init ] --END-- [ RunTime:0.000903s ]
ERR: 无法加载模块:Public

[ 2017-11-04T21:29:27+08:00 ] ::1 /Public/admin/css/vendor/bootstrap/css/bootstrap.min.css.map
INFO: [ app_init ] --START--
INFO: Run Behavior\BuildLiteBehavior [ RunTime:0.000022s ]
INFO: [ app_init ] --END-- [ RunTime:0.000849s ]
ERR: 无法加载模块:Public

[ 2017-11-04T22:17:24+08:00 ] ::1 /Public/admin/css/vendor/bootstrap/css/bootstrap.min.css.map
INFO: [ app_init ] --START--
INFO: Run Behavior\BuildLiteBehavior [ RunTime:0.000006s ]
INFO: [ app_init ] --END-- [ RunTime:0.000209s ]
ERR: 无法加载模块:Public

[ 2017-11-04T22:29:59+08:00 ] ::1 /Public/admin/css/vendor/bootstrap/js/bootstrap.bundle.min.js.map
INFO: [ app_init ] --START--
INFO: Run Behavior\BuildLiteBehavior [ RunTime:0.000025s ]
INFO: [ app_init ] --END-- [ RunTime:0.001007s ]
ERR: 无法加载模块:Public

[ 2017-11-04T22:29:59+08:00 ] ::1 /Public/admin/css/vendor/bootstrap/css/bootstrap.min.css.map
INFO: [ app_init ] --START--
INFO: Run Behavior\BuildLiteBehavior [ RunTime:0.000022s ]
INFO: [ app_init ] --END-- [ RunTime:0.000857s ]
ERR: 无法加载模块:Public

[ 2017-11-04T22:31:12+08:00 ] ::1 /Public/admin/css/vendor/bootstrap/js/bootstrap.bundle.min.js.map
INFO: [ app_init ] --START--
INFO: Run Behavior\BuildLiteBehavior [ RunTime:0.000026s ]
INFO: [ app_init ] --END-- [ RunTime:0.000998s ]
ERR: 无法加载模块:Public

[ 2017-11-04T22:31:12+08:00 ] ::1 /Public/admin/css/vendor/bootstrap/css/bootstrap.min.css.map
INFO: [ app_init ] --START--
INFO: Run Behavior\BuildLiteBehavior [ RunTime:0.000023s ]
INFO: [ app_init ] --END-- [ RunTime:0.000913s ]
ERR: 无法加载模块:Public

[ 2017-11-04T22:31:50+08:00 ] ::1 /Public/admin/css/vendor/bootstrap/js/bootstrap.bundle.min.js.map
INFO: [ app_init ] --START--
INFO: Run Behavior\BuildLiteBehavior [ RunTime:0.000025s ]
INFO: [ app_init ] --END-- [ RunTime:0.000883s ]
ERR: 无法加载模块:Public

[ 2017-11-04T22:31:51+08:00 ] ::1 /Public/admin/css/vendor/bootstrap/css/bootstrap.min.css.map
INFO: [ app_init ] --START--
INFO: Run Behavior\BuildLiteBehavior [ RunTime:0.000023s ]
INFO: [ app_init ] --END-- [ RunTime:0.001018s ]
ERR: 无法加载模块:Public

[ 2017-11-04T22:33:22+08:00 ] ::1 /Public/admin/css/vendor/bootstrap/js/bootstrap.bundle.min.js.map
INFO: [ app_init ] --START--
INFO: Run Behavior\BuildLiteBehavior [ RunTime:0.000024s ]
INFO: [ app_init ] --END-- [ RunTime:0.000916s ]
ERR: 无法加载模块:Public

[ 2017-11-04T22:33:22+08:00 ] ::1 /Public/admin/css/vendor/bootstrap/css/bootstrap.min.css.map
INFO: [ app_init ] --START--
INFO: Run Behavior\BuildLiteBehavior [ RunTime:0.000033s ]
INFO: [ app_init ] --END-- [ RunTime:0.001250s ]
ERR: 无法加载模块:Public

[ 2017-11-04T22:33:57+08:00 ] ::1 /Public/admin/css/vendor/bootstrap/js/bootstrap.bundle.min.js.map
INFO: [ app_init ] --START--
INFO: Run Behavior\BuildLiteBehavior [ RunTime:0.000023s ]
INFO: [ app_init ] --END-- [ RunTime:0.000875s ]
ERR: 无法加载模块:Public

[ 2017-11-04T22:33:58+08:00 ] ::1 /Public/admin/css/vendor/bootstrap/css/bootstrap.min.css.map
INFO: [ app_init ] --START--
INFO: Run Behavior\BuildLiteBehavior [ RunTime:0.000033s ]
INFO: [ app_init ] --END-- [ RunTime:0.001300s ]
ERR: 无法加载模块:Public

[ 2017-11-04T22:34:34+08:00 ] ::1 /Public/admin/css/vendor/bootstrap/js/bootstrap.bundle.min.js.map
INFO: [ app_init ] --START--
INFO: Run Behavior\BuildLiteBehavior [ RunTime:0.000026s ]
INFO: [ app_init ] --END-- [ RunTime:0.000856s ]
ERR: 无法加载模块:Public

[ 2017-11-04T22:34:34+08:00 ] ::1 /Public/admin/css/vendor/bootstrap/css/bootstrap.min.css.map
INFO: [ app_init ] --START--
INFO: Run Behavior\BuildLiteBehavior [ RunTime:0.000026s ]
INFO: [ app_init ] --END-- [ RunTime:0.001018s ]
ERR: 无法加载模块:Public

[ 2017-11-04T22:35:54+08:00 ] ::1 /Public/admin/css/vendor/bootstrap/js/bootstrap.bundle.min.js.map
INFO: [ app_init ] --START--
INFO: Run Behavior\BuildLiteBehavior [ RunTime:0.000021s ]
INFO: [ app_init ] --END-- [ RunTime:0.000839s ]
ERR: 无法加载模块:Public

[ 2017-11-04T22:35:55+08:00 ] ::1 /Public/admin/css/vendor/bootstrap/css/bootstrap.min.css.map
INFO: [ app_init ] --START--
INFO: Run Behavior\BuildLiteBehavior [ RunTime:0.000025s ]
INFO: [ app_init ] --END-- [ RunTime:0.000892s ]
ERR: 无法加载模块:Public

[ 2017-11-04T22:36:46+08:00 ] ::1 /Public/admin/css/vendor/bootstrap/js/bootstrap.bundle.min.js.map
INFO: [ app_init ] --START--
INFO: Run Behavior\BuildLiteBehavior [ RunTime:0.000024s ]
INFO: [ app_init ] --END-- [ RunTime:0.000947s ]
ERR: 无法加载模块:Public

[ 2017-11-04T22:36:46+08:00 ] ::1 /Public/admin/css/vendor/bootstrap/css/bootstrap.min.css.map
INFO: [ app_init ] --START--
INFO: Run Behavior\BuildLiteBehavior [ RunTime:0.000031s ]
INFO: [ app_init ] --END-- [ RunTime:0.001258s ]
ERR: 无法加载模块:Public

[ 2017-11-04T22:38:31+08:00 ] ::1 /Public/admin/css/vendor/bootstrap/js/bootstrap.bundle.min.js.map
INFO: [ app_init ] --START--
INFO: Run Behavior\BuildLiteBehavior [ RunTime:0.000025s ]
INFO: [ app_init ] --END-- [ RunTime:0.001019s ]
ERR: 无法加载模块:Public

[ 2017-11-04T22:38:31+08:00 ] ::1 /Public/admin/css/vendor/bootstrap/css/bootstrap.min.css.map
INFO: [ app_init ] --START--
INFO: Run Behavior\BuildLiteBehavior [ RunTime:0.000035s ]
INFO: [ app_init ] --END-- [ RunTime:0.001355s ]
ERR: 无法加载模块:Public

[ 2017-11-04T22:38:57+08:00 ] ::1 /Public/admin/css/vendor/bootstrap/js/bootstrap.bundle.min.js.map
INFO: [ app_init ] --START--
INFO: Run Behavior\BuildLiteBehavior [ RunTime:0.000026s ]
INFO: [ app_init ] --END-- [ RunTime:0.001066s ]
ERR: 无法加载模块:Public

[ 2017-11-04T22:38:58+08:00 ] ::1 /Public/admin/css/vendor/bootstrap/css/bootstrap.min.css.map
INFO: [ app_init ] --START--
INFO: Run Behavior\BuildLiteBehavior [ RunTime:0.000030s ]
INFO: [ app_init ] --END-- [ RunTime:0.001282s ]
ERR: 无法加载模块:Public

[ 2017-11-04T22:40:41+08:00 ] ::1 /Public/admin/css/vendor/bootstrap/js/bootstrap.bundle.min.js.map
INFO: [ app_init ] --START--
INFO: Run Behavior\BuildLiteBehavior [ RunTime:0.000025s ]
INFO: [ app_init ] --END-- [ RunTime:0.000908s ]
ERR: 无法加载模块:Public

[ 2017-11-04T22:40:41+08:00 ] ::1 /Public/admin/css/vendor/bootstrap/css/bootstrap.min.css.map
INFO: [ app_init ] --START--
INFO: Run Behavior\BuildLiteBehavior [ RunTime:0.000025s ]
INFO: [ app_init ] --END-- [ RunTime:0.000907s ]
ERR: 无法加载模块:Public

[ 2017-11-04T22:40:57+08:00 ] ::1 /Public/admin/css/vendor/bootstrap/js/bootstrap.bundle.min.js.map
INFO: [ app_init ] --START--
INFO: Run Behavior\BuildLiteBehavior [ RunTime:0.000024s ]
INFO: [ app_init ] --END-- [ RunTime:0.000964s ]
ERR: 无法加载模块:Public

[ 2017-11-04T22:40:58+08:00 ] ::1 /Public/admin/css/vendor/bootstrap/css/bootstrap.min.css.map
INFO: [ app_init ] --START--
INFO: Run Behavior\BuildLiteBehavior [ RunTime:0.000022s ]
INFO: [ app_init ] --END-- [ RunTime:0.000833s ]
ERR: 无法加载模块:Public

[ 2017-11-04T22:41:38+08:00 ] ::1 /Public/admin/css/vendor/bootstrap/js/bootstrap.bundle.min.js.map
INFO: [ app_init ] --START--
INFO: Run Behavior\BuildLiteBehavior [ RunTime:0.000023s ]
INFO: [ app_init ] --END-- [ RunTime:0.000849s ]
ERR: 无法加载模块:Public

[ 2017-11-04T22:41:38+08:00 ] ::1 /Public/admin/css/vendor/bootstrap/css/bootstrap.min.css.map
INFO: [ app_init ] --START--
INFO: Run Behavior\BuildLiteBehavior [ RunTime:0.000035s ]
INFO: [ app_init ] --END-- [ RunTime:0.001281s ]
ERR: 无法加载模块:Public

[ 2017-11-04T22:47:45+08:00 ] ::1 /Public/admin/css/vendor/bootstrap/js/bootstrap.bundle.min.js.map
INFO: [ app_init ] --START--
INFO: Run Behavior\BuildLiteBehavior [ RunTime:0.000032s ]
INFO: [ app_init ] --END-- [ RunTime:0.001250s ]
ERR: 无法加载模块:Public

[ 2017-11-04T22:47:45+08:00 ] ::1 /Public/admin/css/vendor/bootstrap/css/bootstrap.min.css.map
INFO: [ app_init ] --START--
INFO: Run Behavior\BuildLiteBehavior [ RunTime:0.000022s ]
INFO: [ app_init ] --END-- [ RunTime:0.000863s ]
ERR: 无法加载模块:Public

[ 2017-11-04T22:50:43+08:00 ] ::1 /Public/admin/css/vendor/bootstrap/js/bootstrap.bundle.min.js.map
INFO: [ app_init ] --START--
INFO: Run Behavior\BuildLiteBehavior [ RunTime:0.000022s ]
INFO: [ app_init ] --END-- [ RunTime:0.000836s ]
ERR: 无法加载模块:Public

[ 2017-11-04T22:50:44+08:00 ] ::1 /Public/admin/css/vendor/bootstrap/css/bootstrap.min.css.map
INFO: [ app_init ] --START--
INFO: Run Behavior\BuildLiteBehavior [ RunTime:0.000021s ]
INFO: [ app_init ] --END-- [ RunTime:0.000842s ]
ERR: 无法加载模块:Public

[ 2017-11-04T22:51:41+08:00 ] ::1 /Public/admin/css/vendor/bootstrap/js/bootstrap.bundle.min.js.map
INFO: [ app_init ] --START--
INFO: Run Behavior\BuildLiteBehavior [ RunTime:0.000034s ]
INFO: [ app_init ] --END-- [ RunTime:0.001037s ]
ERR: 无法加载模块:Public

[ 2017-11-04T22:51:41+08:00 ] ::1 /Public/admin/css/vendor/bootstrap/css/bootstrap.min.css.map
INFO: [ app_init ] --START--
INFO: Run Behavior\BuildLiteBehavior [ RunTime:0.000026s ]
INFO: [ app_init ] --END-- [ RunTime:0.000839s ]
ERR: 无法加载模块:Public

